<?xml version="1.0" encoding="UTF-8"?>
<!-- Generated by org.testng.reporters.JUnitReportReporter -->
<testsuite hostname="DESKTOP-JV5G1CG" failures="0" tests="1" name="task1.GoogleTask" time="4.023" errors="0" timestamp="2022-06-12T11:48:14 EET" skipped="0">
  <testcase classname="task1.GoogleTask" name="googleSearch" time="4.023"/>
  <system-out/>
</testsuite> <!-- task1.GoogleTask -->
