<?xml version="1.0" encoding="UTF-8"?>
<!-- Generated by org.testng.reporters.JUnitReportReporter -->
<testsuite hostname="DESKTOP-JV5G1CG" failures="0" tests="1" name="z2data.GetNameAgeCount" time="0.093" errors="0" timestamp="2022-06-12T11:41:05 EET" skipped="0">
  <testcase classname="z2data.GetNameAgeCount" name="ValueApi" time="0.093"/>
  <system-out/>
</testsuite> <!-- z2data.GetNameAgeCount -->
